<?xml version="1.0" encoding="UTF-8"?>
<testsuite xmlns:xsi="http://www.w3.org/2001/XMLSchema-instance" xsi:noNamespaceSchemaLocation="https://maven.apache.org/surefire/maven-surefire-plugin/xsd/surefire-test-report.xsd" name="runnerclass.TestRunner" time="1.408" tests="5" errors="0" skipped="0" failures="0">
  <properties>
[...]
</properties>
  <testcase name="facebook login using map" classname="login info" time="0.13"/>
  <testcase name="facebook login using list" classname="login info" time="0.005"/>
  <testcase name="Bulking data #1" classname="login info" time="0.005"/>
  <testcase name="Bulking data #2" classname="login info" time="0.003"/>
  <testcase name="Bulking data #3" classname="login info" time="0.004"/>
</testsuite>